<?xml version="1.0" encoding="UTF-8"?>
<!-- Generated by org.testng.reporters.JUnitReportReporter -->
<testsuite hostname="Manohar" name="selenium.WebElement_HMS2" tests="1" failures="0" timestamp="22 Oct 2016 20:21:18 GMT" time="8.649" errors="0">
  <testcase name="Test01" time="8.649" classname="selenium.WebElement_HMS2"/>
</testsuite> <!-- selenium.WebElement_HMS2 -->
