<?xml version="1.0" encoding="UTF-8"?>
<!-- Generated by org.testng.reporters.JUnitReportReporter -->
<testsuite skipped="0" hostname="Manohar" name="selenium.Printalllinks_selenium4testing" tests="1" failures="0" timestamp="26 Oct 2016 16:58:48 GMT" time="1.978" errors="0">
  <testcase name="f" time="1.978" classname="selenium.Printalllinks_selenium4testing"/>
</testsuite> <!-- selenium.Printalllinks_selenium4testing -->
