<?xml version="1.0" encoding="UTF-8"?>
<!-- Generated by org.testng.reporters.JUnitReportReporter -->
<testsuite hostname="Manohar" name="selenium.Ajaxcontrol" tests="1" failures="0" timestamp="24 Oct 2016 15:22:48 GMT" time="1.684" errors="0">
  <testcase name="test01" time="1.684" classname="selenium.Ajaxcontrol"/>
</testsuite> <!-- selenium.Ajaxcontrol -->
