<?xml version="1.0" encoding="UTF-8"?>
<!-- Generated by org.testng.reporters.JUnitReportReporter -->
<testsuite skipped="0" hostname="Manohar" name="selenium.WebElement_HMs" tests="1" failures="0" timestamp="23 Oct 2016 13:32:19 GMT" time="14.903" errors="0">
  <testcase name="Test01" time="14.903" classname="selenium.WebElement_HMs"/>
</testsuite> <!-- selenium.WebElement_HMs -->
