<?xml version="1.0" encoding="UTF-8"?>
<!-- Generated by org.testng.reporters.JUnitReportReporter -->
<testsuite hostname="Manohar" name="selenium.Validation_commands" tests="3" failures="0" timestamp="24 Oct 2016 18:58:51 GMT" time="0.303" errors="0">
  <testcase name="test01" time="0.200" classname="selenium.Validation_commands"/>
  <testcase name="test03" time="0.041" classname="selenium.Validation_commands"/>
  <testcase name="test02" time="0.062" classname="selenium.Validation_commands"/>
</testsuite> <!-- selenium.Validation_commands -->
