<?xml version="1.0" encoding="UTF-8"?>
<!-- Generated by org.testng.reporters.JUnitReportReporter -->
<testsuite hostname="Manohar" name="selenium.Ajaxcontrol_HMS" tests="1" failures="0" timestamp="24 Oct 2016 16:15:01 GMT" time="6.488" errors="0">
  <testcase name="f" time="6.488" classname="selenium.Ajaxcontrol_HMS"/>
</testsuite> <!-- selenium.Ajaxcontrol_HMS -->
