<?xml version="1.0" encoding="UTF-8"?>
<!-- Generated by org.testng.reporters.JUnitReportReporter -->
<testsuite skipped="0" hostname="Manohar" name="selenium.Textfile" tests="1" failures="0" timestamp="3 Nov 2016 15:17:02 GMT" time="0.004" errors="0">
  <testcase name="fileRead" time="0.004" classname="selenium.Textfile"/>
</testsuite> <!-- selenium.Textfile -->
