<?xml version="1.0" encoding="UTF-8"?>
<!-- Generated by org.testng.reporters.JUnitReportReporter -->
<testsuite skipped="0" hostname="Manohar" name="selenium.Demo" tests="1" failures="0" timestamp="16 Nov 2016 17:01:58 GMT" time="0.352" errors="0">
  <testcase name="f" time="0.352" classname="selenium.Demo"/>
</testsuite> <!-- selenium.Demo -->
