<?xml version="1.0" encoding="UTF-8"?>
<!-- Generated by org.testng.reporters.JUnitReportReporter -->
<testsuite skipped="0" hostname="Manohar" name="selenium.Actions_Controls" tests="5" failures="0" timestamp="8 Nov 2016 14:13:05 GMT" time="27.784" errors="0">
  <testcase name="test02" time="4.394" classname="selenium.Actions_Controls"/>
  <testcase name="test05" time="5.758" classname="selenium.Actions_Controls"/>
  <testcase name="test03" time="6.347" classname="selenium.Actions_Controls"/>
  <testcase name="test04" time="5.916" classname="selenium.Actions_Controls"/>
  <testcase name="test01" time="5.369" classname="selenium.Actions_Controls"/>
</testsuite> <!-- selenium.Actions_Controls -->
