<?xml version="1.0" encoding="UTF-8"?>
<!-- Generated by org.testng.reporters.JUnitReportReporter -->
<testsuite hostname="Manohar" name="selenium.Getoptions" tests="1" failures="0" timestamp="24 Oct 2016 17:33:14 GMT" time="1.110" errors="0">
  <testcase name="f" time="1.110" classname="selenium.Getoptions"/>
</testsuite> <!-- selenium.Getoptions -->
