<?xml version="1.0" encoding="UTF-8"?>
<!-- Generated by org.testng.reporters.JUnitReportReporter -->
<testsuite hostname="Manohar" name="selenium.GetAllSelected_options" tests="1" failures="0" timestamp="24 Oct 2016 18:11:01 GMT" time="4.815" errors="0">
  <testcase name="f" time="4.815" classname="selenium.GetAllSelected_options"/>
</testsuite> <!-- selenium.GetAllSelected_options -->
