<?xml version="1.0" encoding="UTF-8"?>
<!-- Generated by org.testng.reporters.JUnitReportReporter -->
<testsuite skipped="0" hostname="Manohar" name="selenium.Print_all_links_Spicejet" tests="1" failures="0" timestamp="25 Apr 2017 15:00:33 GMT" time="9.655" errors="0">
  <testcase name="f" time="9.655" classname="selenium.Print_all_links_Spicejet"/>
</testsuite> <!-- selenium.Print_all_links_Spicejet -->
