<?xml version="1.0" encoding="UTF-8"?>
<!-- Generated by org.testng.reporters.JUnitReportReporter -->
<testsuite skipped="0" hostname="Manohar" name="selenium.Test1" tests="1" failures="0" timestamp="6 Nov 2016 13:18:36 GMT" time="0.427" errors="0">
  <testcase name="f" time="0.427" classname="selenium.Test1"/>
</testsuite> <!-- selenium.Test1 -->
