<?xml version="1.0" encoding="UTF-8"?>
<!-- Generated by org.testng.reporters.JUnitReportReporter -->
<testsuite hostname="Manohar" name="selenium.GetFirstSelected_options" tests="1" failures="0" timestamp="24 Oct 2016 18:20:44 GMT" time="3.928" errors="0">
  <testcase name="f" time="3.928" classname="selenium.GetFirstSelected_options"/>
</testsuite> <!-- selenium.GetFirstSelected_options -->
