<?xml version="1.0" encoding="UTF-8"?>
<!-- Generated by org.testng.reporters.JUnitReportReporter -->
<testsuite skipped="1" hostname="Manohar" name="selenium.Enfec" tests="2" failures="0" timestamp="24 Apr 2017 16:06:13 GMT" time="0.004" errors="1">
  <testcase name="beforeTest" time="0.000" classname="selenium.Enfec">
    <error type="org.openqa.selenium.WebDriverException" message="Failed to connect to binary FirefoxBinary(C:\Program Files (x86)\Mozilla Firefox\firefox.exe) on port 7055; process output follows: 
pi	DEBUG	Calling bootstrap method startup on aushelper@mozilla.org version 1.0
1493049929108	addons.xpi	DEBUG	Registering manifest for C:\Program Files (x86)\Mozilla Firefox\browser\features\e10srollout@mozilla.org.xpi
1493049929109	addons.xpi	DEBUG	Calling bootstrap method startup on e10srollout@mozilla.org version 1.7
1493049929109	addons.xpi	DEBUG	Registering manifest for C:\Program Files (x86)\Mozilla Firefox\browser\features\firefox@getpocket.com.xpi
1493049929110	addons.xpi	DEBUG	Calling bootstrap method startup on firefox@getpocket.com version 1.0.5
1493049929111	addons.xpi	DEBUG	Registering manifest for C:\Program Files (x86)\Mozilla Firefox\browser\features\webcompat@mozilla.org.xpi
1493049929112	addons.xpi	DEBUG	Calling bootstrap method startup on webcompat@mozilla.org version 1.0
1493049929115	addons.manager	DEBUG	Registering shutdown blocker for XPIProvider
1493049929116	addons.manager	DEBUG	Provider finished startup: XPIProvider
1493049929116	addons.manager	DEBUG	Starting provider: LightweightThemeManager
1493049929117	addons.manager	DEBUG	Registering shutdown blocker for LightweightThemeManager
1493049929117	addons.manager	DEBUG	Provider finished startup: LightweightThemeManager
1493049929117	addons.manager	DEBUG	Starting provider: GMPProvider
1493049929130	addons.manager	DEBUG	Registering shutdown blocker for GMPProvider
1493049929130	addons.manager	DEBUG	Provider finished startup: GMPProvider
1493049929130	addons.manager	DEBUG	Starting provider: PluginProvider
1493049929131	addons.manager	DEBUG	Registering shutdown blocker for PluginProvider
1493049929132	addons.manager	DEBUG	Provider finished startup: PluginProvider
1493049929132	addons.manager	DEBUG	Completed startup sequence
1493049935145	addons.manager	DEBUG	Starting provider: &lt;unnamed-provider&gt;
1493049935145	addons.manager	DEBUG	Registering shutdown blocker for &lt;unnamed-provider&gt;
1493049935145	addons.manager	DEBUG	Provider finished startup: &lt;unnamed-provider&gt;
1493049935364	DeferredSave.extensions.json	DEBUG	Write succeeded
1493049935364	addons.xpi-utils	DEBUG	XPI Database saved, setting schema version preference to 19
1493049935364	DeferredSave.extensions.json	DEBUG	Starting timer
1493049935388	DeferredSave.extensions.json	DEBUG	Starting write
1493049935393	addons.repository	DEBUG	No addons.json found.
1493049935393	DeferredSave.addons.json	DEBUG	Save changes
1493049935396	DeferredSave.addons.json	DEBUG	Starting timer
1493049935433	addons.manager	DEBUG	Starting provider: PreviousExperimentProvider
1493049935433	addons.manager	DEBUG	Registering shutdown blocker for PreviousExperimentProvider
1493049935433	addons.manager	DEBUG	Provider finished startup: PreviousExperimentProvider
1493049935448	DeferredSave.addons.json	DEBUG	Starting write
1493049935461	DeferredSave.extensions.json	DEBUG	Write succeeded
1493049935503	DeferredSave.addons.json	DEBUG	Write succeeded
1493049962031	addons.xpi	DEBUG	Calling bootstrap method shutdown on webcompat@mozilla.org version 1.0
1493049962032	addons.xpi	DEBUG	Calling bootstrap method shutdown on firefox@getpocket.com version 1.0.5
1493049962033	addons.xpi	DEBUG	Calling bootstrap method shutdown on e10srollout@mozilla.org version 1.7
1493049962035	addons.xpi	DEBUG	Calling bootstrap method shutdown on aushelper@mozilla.org version 1.0
1493049963443	addons.manager	DEBUG	shutdown
1493049963443	addons.manager	DEBUG	Calling shutdown blocker for XPIProvider
1493049963444	addons.xpi	DEBUG	shutdown
1493049963444	addons.xpi-utils	DEBUG	shutdown
1493049963445	addons.manager	DEBUG	Calling shutdown blocker for LightweightThemeManager
1493049963447	addons.manager	DEBUG	Calling shutdown blocker for GMPProvider
1493049963452	addons.manager	DEBUG	Calling shutdown blocker for PluginProvider
1493049963453	addons.manager	DEBUG	Calling shutdown blocker for &lt;unnamed-provider&gt;
1493049963457	addons.manager	DEBUG	Calling shutdown blocker for PreviousExperimentProvider
1493049963463	addons.xpi	DEBUG	Notifying XPI shutdown observers
1493049963470	addons.manager	DEBUG	Async provider shutdown done

Build info: version: &#039;2.53.1&#039;, revision: &#039;a36b8b1&#039;, time: &#039;2016-06-30 17:37:03&#039;
System info: host: &#039;Manohar&#039;, ip: &#039;192.168.75.1&#039;, os.name: &#039;Windows 10&#039;, os.arch: &#039;amd64&#039;, os.version: &#039;10.0&#039;, java.version: &#039;1.8.0_101&#039;
Driver info: driver.version: FirefoxDriver">
      <![CDATA[org.openqa.selenium.WebDriverException: Failed to connect to binary FirefoxBinary(C:\Program Files (x86)\Mozilla Firefox\firefox.exe) on port 7055; process output follows: 
pi	DEBUG	Calling bootstrap method startup on aushelper@mozilla.org version 1.0
1493049929108	addons.xpi	DEBUG	Registering manifest for C:\Program Files (x86)\Mozilla Firefox\browser\features\e10srollout@mozilla.org.xpi
1493049929109	addons.xpi	DEBUG	Calling bootstrap method startup on e10srollout@mozilla.org version 1.7
1493049929109	addons.xpi	DEBUG	Registering manifest for C:\Program Files (x86)\Mozilla Firefox\browser\features\firefox@getpocket.com.xpi
1493049929110	addons.xpi	DEBUG	Calling bootstrap method startup on firefox@getpocket.com version 1.0.5
1493049929111	addons.xpi	DEBUG	Registering manifest for C:\Program Files (x86)\Mozilla Firefox\browser\features\webcompat@mozilla.org.xpi
1493049929112	addons.xpi	DEBUG	Calling bootstrap method startup on webcompat@mozilla.org version 1.0
1493049929115	addons.manager	DEBUG	Registering shutdown blocker for XPIProvider
1493049929116	addons.manager	DEBUG	Provider finished startup: XPIProvider
1493049929116	addons.manager	DEBUG	Starting provider: LightweightThemeManager
1493049929117	addons.manager	DEBUG	Registering shutdown blocker for LightweightThemeManager
1493049929117	addons.manager	DEBUG	Provider finished startup: LightweightThemeManager
1493049929117	addons.manager	DEBUG	Starting provider: GMPProvider
1493049929130	addons.manager	DEBUG	Registering shutdown blocker for GMPProvider
1493049929130	addons.manager	DEBUG	Provider finished startup: GMPProvider
1493049929130	addons.manager	DEBUG	Starting provider: PluginProvider
1493049929131	addons.manager	DEBUG	Registering shutdown blocker for PluginProvider
1493049929132	addons.manager	DEBUG	Provider finished startup: PluginProvider
1493049929132	addons.manager	DEBUG	Completed startup sequence
1493049935145	addons.manager	DEBUG	Starting provider: <unnamed-provider>
1493049935145	addons.manager	DEBUG	Registering shutdown blocker for <unnamed-provider>
1493049935145	addons.manager	DEBUG	Provider finished startup: <unnamed-provider>
1493049935364	DeferredSave.extensions.json	DEBUG	Write succeeded
1493049935364	addons.xpi-utils	DEBUG	XPI Database saved, setting schema version preference to 19
1493049935364	DeferredSave.extensions.json	DEBUG	Starting timer
1493049935388	DeferredSave.extensions.json	DEBUG	Starting write
1493049935393	addons.repository	DEBUG	No addons.json found.
1493049935393	DeferredSave.addons.json	DEBUG	Save changes
1493049935396	DeferredSave.addons.json	DEBUG	Starting timer
1493049935433	addons.manager	DEBUG	Starting provider: PreviousExperimentProvider
1493049935433	addons.manager	DEBUG	Registering shutdown blocker for PreviousExperimentProvider
1493049935433	addons.manager	DEBUG	Provider finished startup: PreviousExperimentProvider
1493049935448	DeferredSave.addons.json	DEBUG	Starting write
1493049935461	DeferredSave.extensions.json	DEBUG	Write succeeded
1493049935503	DeferredSave.addons.json	DEBUG	Write succeeded
1493049962031	addons.xpi	DEBUG	Calling bootstrap method shutdown on webcompat@mozilla.org version 1.0
1493049962032	addons.xpi	DEBUG	Calling bootstrap method shutdown on firefox@getpocket.com version 1.0.5
1493049962033	addons.xpi	DEBUG	Calling bootstrap method shutdown on e10srollout@mozilla.org version 1.7
1493049962035	addons.xpi	DEBUG	Calling bootstrap method shutdown on aushelper@mozilla.org version 1.0
1493049963443	addons.manager	DEBUG	shutdown
1493049963443	addons.manager	DEBUG	Calling shutdown blocker for XPIProvider
1493049963444	addons.xpi	DEBUG	shutdown
1493049963444	addons.xpi-utils	DEBUG	shutdown
1493049963445	addons.manager	DEBUG	Calling shutdown blocker for LightweightThemeManager
1493049963447	addons.manager	DEBUG	Calling shutdown blocker for GMPProvider
1493049963452	addons.manager	DEBUG	Calling shutdown blocker for PluginProvider
1493049963453	addons.manager	DEBUG	Calling shutdown blocker for <unnamed-provider>
1493049963457	addons.manager	DEBUG	Calling shutdown blocker for PreviousExperimentProvider
1493049963463	addons.xpi	DEBUG	Notifying XPI shutdown observers
1493049963470	addons.manager	DEBUG	Async provider shutdown done

Build info: version: '2.53.1', revision: 'a36b8b1', time: '2016-06-30 17:37:03'
System info: host: 'Manohar', ip: '192.168.75.1', os.name: 'Windows 10', os.arch: 'amd64', os.version: '10.0', java.version: '1.8.0_101'
Driver info: driver.version: FirefoxDriver
	at org.openqa.selenium.firefox.internal.NewProfileExtensionConnection.start(NewProfileExtensionConnection.java:124)
	at org.openqa.selenium.firefox.FirefoxDriver.startClient(FirefoxDriver.java:271)
	at org.openqa.selenium.remote.RemoteWebDriver.<init>(RemoteWebDriver.java:119)
	at org.openqa.selenium.firefox.FirefoxDriver.<init>(FirefoxDriver.java:218)
	at org.openqa.selenium.firefox.FirefoxDriver.<init>(FirefoxDriver.java:211)
	at org.openqa.selenium.firefox.FirefoxDriver.<init>(FirefoxDriver.java:207)
	at org.openqa.selenium.firefox.FirefoxDriver.<init>(FirefoxDriver.java:120)
	at selenium.Enfec.beforeTest(Enfec.java:22)
	at sun.reflect.NativeMethodAccessorImpl.invoke0(Native Method)
	at sun.reflect.NativeMethodAccessorImpl.invoke(NativeMethodAccessorImpl.java:62)
	at sun.reflect.DelegatingMethodAccessorImpl.invoke(DelegatingMethodAccessorImpl.java:43)
	at java.lang.reflect.Method.invoke(Method.java:498)
	at org.testng.internal.MethodInvocationHelper.invokeMethod(MethodInvocationHelper.java:100)
	at org.testng.internal.Invoker.invokeConfigurationMethod(Invoker.java:515)
	at org.testng.internal.Invoker.invokeConfigurations(Invoker.java:216)
	at org.testng.internal.Invoker.invokeConfigurations(Invoker.java:143)
	at org.testng.TestRunner.beforeRun(TestRunner.java:631)
	at org.testng.TestRunner.run(TestRunner.java:599)
	at org.testng.SuiteRunner.runTest(SuiteRunner.java:368)
	at org.testng.SuiteRunner.runSequentially(SuiteRunner.java:363)
	at org.testng.SuiteRunner.privateRun(SuiteRunner.java:321)
	at org.testng.SuiteRunner.run(SuiteRunner.java:270)
	at org.testng.SuiteRunnerWorker.runSuite(SuiteRunnerWorker.java:52)
	at org.testng.SuiteRunnerWorker.run(SuiteRunnerWorker.java:86)
	at org.testng.TestNG.runSuitesSequentially(TestNG.java:1284)
	at org.testng.TestNG.runSuitesLocally(TestNG.java:1209)
	at org.testng.TestNG.runSuites(TestNG.java:1124)
	at org.testng.TestNG.run(TestNG.java:1096)
	at org.testng.remote.AbstractRemoteTestNG.run(AbstractRemoteTestNG.java:132)
	at org.testng.remote.RemoteTestNG.initAndRun(RemoteTestNG.java:236)
	at org.testng.remote.RemoteTestNG.main(RemoteTestNG.java:81)
Caused by: org.openqa.selenium.firefox.NotConnectedException: Unable to connect to host 127.0.0.1 on port 7055 after 45000 ms. Firefox console output:
pi	DEBUG	Calling bootstrap method startup on aushelper@mozilla.org version 1.0
1493049929108	addons.xpi	DEBUG	Registering manifest for C:\Program Files (x86)\Mozilla Firefox\browser\features\e10srollout@mozilla.org.xpi
1493049929109	addons.xpi	DEBUG	Calling bootstrap method startup on e10srollout@mozilla.org version 1.7
1493049929109	addons.xpi	DEBUG	Registering manifest for C:\Program Files (x86)\Mozilla Firefox\browser\features\firefox@getpocket.com.xpi
1493049929110	addons.xpi	DEBUG	Calling bootstrap method startup on firefox@getpocket.com version 1.0.5
1493049929111	addons.xpi	DEBUG	Registering manifest for C:\Program Files (x86)\Mozilla Firefox\browser\features\webcompat@mozilla.org.xpi
1493049929112	addons.xpi	DEBUG	Calling bootstrap method startup on webcompat@mozilla.org version 1.0
1493049929115	addons.manager	DEBUG	Registering shutdown blocker for XPIProvider
1493049929116	addons.manager	DEBUG	Provider finished startup: XPIProvider
1493049929116	addons.manager	DEBUG	Starting provider: LightweightThemeManager
1493049929117	addons.manager	DEBUG	Registering shutdown blocker for LightweightThemeManager
1493049929117	addons.manager	DEBUG	Provider finished startup: LightweightThemeManager
1493049929117	addons.manager	DEBUG	Starting provider: GMPProvider
1493049929130	addons.manager	DEBUG	Registering shutdown blocker for GMPProvider
1493049929130	addons.manager	DEBUG	Provider finished startup: GMPProvider
1493049929130	addons.manager	DEBUG	Starting provider: PluginProvider
1493049929131	addons.manager	DEBUG	Registering shutdown blocker for PluginProvider
1493049929132	addons.manager	DEBUG	Provider finished startup: PluginProvider
1493049929132	addons.manager	DEBUG	Completed startup sequence
1493049935145	addons.manager	DEBUG	Starting provider: <unnamed-provider>
1493049935145	addons.manager	DEBUG	Registering shutdown blocker for <unnamed-provider>
1493049935145	addons.manager	DEBUG	Provider finished startup: <unnamed-provider>
1493049935364	DeferredSave.extensions.json	DEBUG	Write succeeded
1493049935364	addons.xpi-utils	DEBUG	XPI Database saved, setting schema version preference to 19
1493049935364	DeferredSave.extensions.json	DEBUG	Starting timer
1493049935388	DeferredSave.extensions.json	DEBUG	Starting write
1493049935393	addons.repository	DEBUG	No addons.json found.
1493049935393	DeferredSave.addons.json	DEBUG	Save changes
1493049935396	DeferredSave.addons.json	DEBUG	Starting timer
1493049935433	addons.manager	DEBUG	Starting provider: PreviousExperimentProvider
1493049935433	addons.manager	DEBUG	Registering shutdown blocker for PreviousExperimentProvider
1493049935433	addons.manager	DEBUG	Provider finished startup: PreviousExperimentProvider
1493049935448	DeferredSave.addons.json	DEBUG	Starting write
1493049935461	DeferredSave.extensions.json	DEBUG	Write succeeded
1493049935503	DeferredSave.addons.json	DEBUG	Write succeeded
1493049962031	addons.xpi	DEBUG	Calling bootstrap method shutdown on webcompat@mozilla.org version 1.0
1493049962032	addons.xpi	DEBUG	Calling bootstrap method shutdown on firefox@getpocket.com version 1.0.5
1493049962033	addons.xpi	DEBUG	Calling bootstrap method shutdown on e10srollout@mozilla.org version 1.7
1493049962035	addons.xpi	DEBUG	Calling bootstrap method shutdown on aushelper@mozilla.org version 1.0
1493049963443	addons.manager	DEBUG	shutdown
1493049963443	addons.manager	DEBUG	Calling shutdown blocker for XPIProvider
1493049963444	addons.xpi	DEBUG	shutdown
1493049963444	addons.xpi-utils	DEBUG	shutdown
1493049963445	addons.manager	DEBUG	Calling shutdown blocker for LightweightThemeManager
1493049963447	addons.manager	DEBUG	Calling shutdown blocker for GMPProvider
1493049963452	addons.manager	DEBUG	Calling shutdown blocker for PluginProvider
1493049963453	addons.manager	DEBUG	Calling shutdown blocker for <unnamed-provider>
1493049963457	addons.manager	DEBUG	Calling shutdown blocker for PreviousExperimentProvider
1493049963463	addons.xpi	DEBUG	Notifying XPI shutdown observers
1493049963470	addons.manager	DEBUG	Async provider shutdown done

	at org.openqa.selenium.firefox.internal.NewProfileExtensionConnection.start(NewProfileExtensionConnection.java:112)
	... 30 more
]]>
    </error>
  </testcase> <!-- beforeTest -->
  <testcase name="f" time="0.004" classname="selenium.Enfec">
    <skipped/>
  </testcase> <!-- f -->
</testsuite> <!-- selenium.Enfec -->
