<?xml version="1.0" encoding="UTF-8"?>
<!-- Generated by org.testng.reporters.JUnitReportReporter -->
<testsuite hostname="Manohar" name="selenium.Robotclass" tests="1" failures="0" timestamp="23 Oct 2016 06:23:36 GMT" time="2.728" errors="0">
  <testcase name="f" time="2.728" classname="selenium.Robotclass"/>
</testsuite> <!-- selenium.Robotclass -->
