<?xml version="1.0" encoding="UTF-8"?>
<!-- Generated by org.testng.reporters.JUnitReportReporter -->
<testsuite hostname="Manohar" name="selenium.Openurl" tests="1" failures="0" timestamp="22 Oct 2016 17:08:22 GMT" time="6.950" errors="0">
  <testcase name="f" time="6.950" classname="selenium.Openurl"/>
</testsuite> <!-- selenium.Openurl -->
