<?xml version="1.0" encoding="UTF-8"?>
<!-- Generated by org.testng.reporters.JUnitXMLReporter -->
<testsuite hostname="Manohar" name="Test-HMS_2" tests="1" failures="1" timestamp="29 Oct 2016 18:20:17 GMT" time="11.502" errors="0">
  <testcase name="test01" time="11.495" classname="hms_pom.Admission_Script">
    <failure type="java.lang.NullPointerException">
      <![CDATA[java.lang.NullPointerException
	at hms_pom.HMS_Base.send(HMS_Base.java:24)
	at hms_pom.Admission_component.login(Admission_component.java:13)
	at hms_pom.Admission_Script.test01(Admission_Script.java:11)
... Removed 25 stack frames]]>
    </failure>
  </testcase> <!-- test01 -->
</testsuite> <!-- Test-HMS_2 -->
