<?xml version="1.0" encoding="UTF-8"?>
<!-- Generated by org.testng.reporters.JUnitXMLReporter -->
<testsuite hostname="Manohar" name="Test-HMS" tests="2" failures="0" timestamp="29 Oct 2016 16:31:06 GMT" time="28.13" errors="0">
  <testcase name="f" time="12.586" classname="hms_pom.Registration_Script"/>
  <testcase name="test01" time="15.516" classname="hms_pom.Admission_Script"/>
</testsuite> <!-- Test-HMS -->
