<?xml version="1.0" encoding="UTF-8"?>
<!-- Generated by org.testng.reporters.JUnitXMLReporter -->
<testsuite hostname="Manohar" name="Test-HMS_1" tests="1" failures="1" timestamp="29 Oct 2016 18:20:06 GMT" time="11.644" errors="0">
  <testcase name="f" time="11.613" classname="hms_pom.Registration_Script">
    <failure type="java.lang.NullPointerException">
      <![CDATA[java.lang.NullPointerException
	at hms_pom.HMS_Base.send(HMS_Base.java:24)
	at hms_pom.login_component.login(login_component.java:10)
	at hms_pom.Registration_Script.f(Registration_Script.java:10)
... Removed 25 stack frames]]>
    </failure>
  </testcase> <!-- f -->
</testsuite> <!-- Test-HMS_1 -->
