<?xml version="1.0" encoding="UTF-8"?>
<!-- Generated by org.testng.reporters.JUnitXMLReporter -->
<testsuite hostname="Manohar" name="Test-HMS_3" tests="1" failures="0" timestamp="29 Oct 2016 16:40:35 GMT" time="16.45" errors="0">
  <testcase name="test01" time="16.446" classname="hms_pom.Admission_Script"/>
</testsuite> <!-- Test-HMS_3 -->
