<?xml version="1.0" encoding="UTF-8"?>
<!-- Generated by org.testng.reporters.JUnitReportReporter -->
<testsuite skipped="0" hostname="Manohar" name="Android.DataDriven_Retesting" tests="1" failures="0" timestamp="25 Dec 2016 12:24:29 GMT" time="37.031" errors="0">
  <testcase name="f" time="37.031" classname="Android.DataDriven_Retesting"/>
</testsuite> <!-- Android.DataDriven_Retesting -->
