<?xml version="1.0" encoding="UTF-8"?>
<!-- Generated by org.testng.reporters.JUnitReportReporter -->
<testsuite skipped="0" hostname="Manohar" name="Android.copy_excel" tests="1" failures="0" timestamp="6 Nov 2016 06:43:14 GMT" time="0.617" errors="0">
  <testcase name="f" time="0.617" classname="Android.copy_excel"/>
</testsuite> <!-- Android.copy_excel -->
