<?xml version="1.0" encoding="UTF-8"?>
<!-- Generated by org.testng.reporters.JUnitReportReporter -->
<testsuite skipped="0" hostname="Manohar" name="Android.ObjectRepositoy_excel" tests="1" failures="0" timestamp="6 Nov 2016 17:28:55 GMT" time="22.003" errors="0">
  <testcase name="f" time="22.003" classname="Android.ObjectRepositoy_excel"/>
</testsuite> <!-- Android.ObjectRepositoy_excel -->
