<?xml version="1.0" encoding="UTF-8"?>
<!-- Generated by org.testng.reporters.JUnitReportReporter -->
<testsuite skipped="0" hostname="Manohar" name="Android.WhatsApp_PrintAll" tests="1" failures="0" timestamp="31 Oct 2016 14:18:16 GMT" time="24.510" errors="0">
  <testcase name="f" time="24.510" classname="Android.WhatsApp_PrintAll"/>
</testsuite> <!-- Android.WhatsApp_PrintAll -->
