<?xml version="1.0" encoding="UTF-8"?>
<!-- Generated by org.testng.reporters.JUnitReportReporter -->
<testsuite skipped="0" hostname="Manohar" name="Android.AppiumTest" tests="1" failures="0" timestamp="26 Oct 2016 16:19:37 GMT" time="23.869" errors="0">
  <testcase name="test01" time="23.869" classname="Android.AppiumTest"/>
</testsuite> <!-- Android.AppiumTest -->
