<?xml version="1.0" encoding="UTF-8"?>
<!-- Generated by org.testng.reporters.JUnitReportReporter -->
<testsuite skipped="0" hostname="Manohar" name="Android.Makemytrip" tests="1" failures="0" timestamp="27 Oct 2016 14:31:46 GMT" time="8.793" errors="0">
  <testcase name="f" time="8.793" classname="Android.Makemytrip"/>
</testsuite> <!-- Android.Makemytrip -->
