<?xml version="1.0" encoding="UTF-8"?>
<!-- Generated by org.testng.reporters.JUnitReportReporter -->
<testsuite skipped="0" hostname="Manohar" name="Android.Create_add_data_excel" tests="1" failures="0" timestamp="6 Nov 2016 03:37:12 GMT" time="0.150" errors="0">
  <testcase name="f" time="0.150" classname="Android.Create_add_data_excel"/>
</testsuite> <!-- Android.Create_add_data_excel -->
