<?xml version="1.0" encoding="UTF-8"?>
<!-- Generated by org.testng.reporters.JUnitReportReporter -->
<testsuite skipped="0" hostname="Manohar" name="Android.WhatApp" tests="1" failures="0" timestamp="27 Oct 2016 14:12:29 GMT" time="96.084" errors="0">
  <testcase name="test01" time="96.084" classname="Android.WhatApp"/>
</testsuite> <!-- Android.WhatApp -->
