<?xml version="1.0" encoding="UTF-8"?>
<!-- Generated by org.testng.reporters.JUnitReportReporter -->
<testsuite skipped="0" hostname="Manohar" name="Android.Print_allApps_Text" tests="2" failures="0" timestamp="3 Nov 2016 17:56:49 GMT" time="29.095" errors="0">
  <testcase name="test02" time="0.006" classname="Android.Print_allApps_Text"/>
  <testcase name="test01" time="29.089" classname="Android.Print_allApps_Text"/>
</testsuite> <!-- Android.Print_allApps_Text -->
