<?xml version="1.0" encoding="UTF-8"?>
<!-- Generated by org.testng.reporters.JUnitReportReporter -->
<testsuite skipped="0" hostname="Manohar" name="Android.AppBrowser" tests="1" failures="0" timestamp="3 Nov 2016 17:36:52 GMT" time="13.848" errors="0">
  <testcase name="f" time="13.848" classname="Android.AppBrowser"/>
</testsuite> <!-- Android.AppBrowser -->
