<?xml version="1.0" encoding="UTF-8"?>
<!-- Generated by org.testng.reporters.JUnitReportReporter -->
<testsuite skipped="0" hostname="Manohar" name="Android.Spicejet" tests="1" failures="0" timestamp="31 Oct 2016 04:52:14 GMT" time="14.021" errors="0">
  <testcase name="test01" time="14.021" classname="Android.Spicejet"/>
</testsuite> <!-- Android.Spicejet -->
