<?xml version="1.0" encoding="UTF-8"?>
<!-- Generated by org.testng.reporters.JUnitReportReporter -->
<testsuite skipped="0" hostname="Manohar" name="Android.ExcelRead_data" tests="1" failures="0" timestamp="6 Nov 2016 03:14:07 GMT" time="0.154" errors="0">
  <testcase name="f" time="0.154" classname="Android.ExcelRead_data"/>
</testsuite> <!-- Android.ExcelRead_data -->
