<?xml version="1.0" encoding="UTF-8"?>
<!-- Generated by org.testng.reporters.JUnitReportReporter -->
<testsuite skipped="0" hostname="Manohar" name="Android.CallFunctionality" tests="1" failures="0" timestamp="3 Nov 2016 17:35:44 GMT" time="31.306" errors="0">
  <testcase name="Test01" time="31.306" classname="Android.CallFunctionality"/>
</testsuite> <!-- Android.CallFunctionality -->
