<?xml version="1.0" encoding="UTF-8"?>
<!-- Generated by org.testng.reporters.JUnitReportReporter -->
<testsuite skipped="0" hostname="Manohar" name="hms_pom.Hms" tests="2" failures="0" timestamp="29 Oct 2016 16:15:53 GMT" time="33.490" errors="0">
  <testcase name="test02" time="18.090" classname="hms_pom.Hms"/>
  <testcase name="test01" time="15.400" classname="hms_pom.Hms"/>
</testsuite> <!-- hms_pom.Hms -->
