<?xml version="1.0" encoding="UTF-8"?>
<!-- Generated by org.testng.reporters.JUnitReportReporter -->
<testsuite skipped="0" hostname="Manohar" name="webdriver.SampleTest" tests="1" failures="0" timestamp="24 Apr 2017 17:26:35 GMT" time="7.973" errors="0">
  <testcase name="f" time="7.973" classname="webdriver.SampleTest"/>
</testsuite> <!-- webdriver.SampleTest -->
