<?xml version="1.0" encoding="UTF-8"?>
<!-- Generated by org.testng.reporters.JUnitReportReporter -->
<testsuite skipped="0" hostname="Manohar" name="webdriver.HMS" tests="2" failures="0" timestamp="25 Apr 2017 02:03:02 GMT" time="19.143" errors="0">
  <testcase name="test2" time="12.292" classname="webdriver.HMS"/>
  <testcase name="test1" time="6.851" classname="webdriver.HMS"/>
</testsuite> <!-- webdriver.HMS -->
