<?xml version="1.0" encoding="UTF-8"?>
<!-- Generated by org.testng.reporters.JUnitReportReporter -->
<testsuite skipped="0" hostname="Manohar" name="webdriver.Sample3" tests="1" failures="0" timestamp="25 Apr 2017 01:36:45 GMT" time="0.179" errors="0">
  <testcase name="f" time="0.179" classname="webdriver.Sample3"/>
</testsuite> <!-- webdriver.Sample3 -->
