<?xml version="1.0" encoding="UTF-8"?>
<!-- Generated by org.testng.reporters.JUnitReportReporter -->
<testsuite skipped="0" hostname="Manohar" name="webdriver.Sample2" tests="1" failures="0" timestamp="24 Apr 2017 23:53:13 GMT" time="2.563" errors="0">
  <testcase name="f" time="2.563" classname="webdriver.Sample2"/>
</testsuite> <!-- webdriver.Sample2 -->
