<?xml version="1.0" encoding="UTF-8"?>
<!-- Generated by org.testng.reporters.JUnitReportReporter -->
<testsuite hostname="Manohar" name="selenium.OpenurlTest" tests="1" failures="0" timestamp="27 Oct 2016 14:05:10 GMT" time="8.659" errors="0">
  <testcase name="f" time="8.659" classname="selenium.OpenurlTest"/>
</testsuite> <!-- selenium.OpenurlTest -->
